e:\workspace\opengl\modernopengl\openglprj\openglprj\debug\vc141.pdb
e:\workspace\opengl\modernopengl\openglprj\openglprj\debug\vc141.idb
e:\workspace\opengl\modernopengl\openglprj\openglprj\debug\main.obj
e:\workspace\opengl\modernopengl\openglprj\openglprj\debug\shaderreader.obj
e:\workspace\opengl\modernopengl\openglprj\openglprj\debug\mesh.obj
e:\workspace\opengl\modernopengl\openglprj\openglprj\debug\window.obj
e:\workspace\opengl\modernopengl\openglprj\openglprj\debug\shader.obj
e:\workspace\opengl\modernopengl\openglprj\debug\openglprj.exe
e:\workspace\opengl\modernopengl\openglprj\debug\openglprj.ilk
e:\workspace\opengl\modernopengl\openglprj\debug\openglprj.pdb
e:\workspace\opengl\modernopengl\openglprj\openglprj\debug\core.obj
e:\workspace\opengl\modernopengl\openglprj\openglprj\debug\openglprj.tlog\cl.command.1.tlog
e:\workspace\opengl\modernopengl\openglprj\openglprj\debug\openglprj.tlog\cl.read.1.tlog
e:\workspace\opengl\modernopengl\openglprj\openglprj\debug\openglprj.tlog\cl.write.1.tlog
e:\workspace\opengl\modernopengl\openglprj\openglprj\debug\openglprj.tlog\link.9584-cvtres.read.1.tlog
e:\workspace\opengl\modernopengl\openglprj\openglprj\debug\openglprj.tlog\link.9584-cvtres.write.1.tlog
e:\workspace\opengl\modernopengl\openglprj\openglprj\debug\openglprj.tlog\link.9584-rc.read.1.tlog
e:\workspace\opengl\modernopengl\openglprj\openglprj\debug\openglprj.tlog\link.9584-rc.write.1.tlog
e:\workspace\opengl\modernopengl\openglprj\openglprj\debug\openglprj.tlog\link.9584.read.1.tlog
e:\workspace\opengl\modernopengl\openglprj\openglprj\debug\openglprj.tlog\link.9584.write.1.tlog
e:\workspace\opengl\modernopengl\openglprj\openglprj\debug\openglprj.tlog\link.command.1.tlog
e:\workspace\opengl\modernopengl\openglprj\openglprj\debug\openglprj.tlog\link.read.1.tlog
e:\workspace\opengl\modernopengl\openglprj\openglprj\debug\openglprj.tlog\link.write.1.tlog
